2025-09-12T02:45:35: 🤖 Starting Fixed Workflow Bot...
2025-09-12T02:45:35: ✅ Fixed workflow bot started successfully!
2025-09-12T02:45:35: 📱 Send /start to your bot to test
2025-09-12T02:45:35: 🔧 Bot features:
2025-09-12T02:45:35:    - Fixed workflow: Survey → Time Tracking → Evidence Close
2025-09-12T02:45:35:    - Evidence close with 7 photos
2025-09-12T02:45:35:    - Auto close order when evidence complete
2025-09-12T02:45:35:    - Database integration
2025-09-12T02:45:35:    - Session management
2025-09-12T02:45:35:    - Technician notifications
2025-09-12T08:44:48: 📨 Received /start from Afiah (6924062588)
2025-09-12T08:44:56: 📨 Received callback: my_orders from Afiah
2025-09-12T08:45:34: 📨 Received /start from M (5173181010)
2025-09-12T08:45:38: 📨 Received callback: create_order from M
2025-09-12T08:46:07: 📨 Received callback: assign_tech_6fb80525-c1ed-4f58-b385-57b1f5a8af82 from M
2025-09-12T08:46:22: 📨 Received callback: my_orders from Afiah
2025-09-12T08:46:31: 📨 Received callback: work_order_09f2f14e-0469-4776-a1ca-dde8e8424c6d from Afiah
2025-09-12T08:46:41: 📨 Received callback: survey_09f2f14e-0469-4776-a1ca-dde8e8424c6d_ready from Afiah
2025-09-12T08:47:28: 📨 Received photo from Afiah (6924062588)
2025-09-12T08:47:28: 📨 Received photo from Afiah (6924062588)
2025-09-12T08:47:28: 📨 Received photo from Afiah (6924062588)
2025-09-12T08:47:28: 📨 Received photo from Afiah (6924062588)
2025-09-12T08:47:28: 📨 Received photo from Afiah (6924062588)
2025-09-12T08:47:28: 📨 Received photo from Afiah (6924062588)
2025-09-12T08:47:28: 📨 Received photo from Afiah (6924062588)
